This is pdfTeX, Version 3.141592653-2.6-1.40.22 (MiKTeX 21.3) (preloaded format=pdflatex 2021.4.7)  7 APR 2021 16:58
entering extended mode
**./mw_thesis.tex
(mw_thesis.tex
LaTeX2e <2020-10-01> patch level 4
L3 programming layer <2021-02-18> (pracamgr.cls
Document Class: pracamgr 2017/01/03 v0.7.0 Praca magisterska
(C:\Users\Maro\AppData\Local\Programs\MiKTeX 2.9\tex/generic/babel\babel.sty
Package: babel 2021/03/24 3.56 The Babel package

(C:\Users\Maro\AppData\Local\Programs\MiKTeX 2.9\tex/generic/babel\babel.def
File: babel.def 2021/03/24 3.56 Babel common definitions
\babel@savecnt=\count179
\U@D=\dimen138
\l@babelnohyphens=\language79

(C:\Users\Maro\AppData\Local\Programs\MiKTeX 2.9\tex/generic/babel\txtbabel.def
)
\bbl@readstream=\read2
)
\bbl@dirlevel=\count180

*************************************
* Local config file bblopts.cfg used
*
(C:\Users\Maro\AppData\Local\Programs\MiKTeX 2.9\tex/latex/arabi\bblopts.cfg
File: bblopts.cfg 2005/09/08 v0.1 add Arabic and Farsi to "declared" options of
 babel
)
(C:\Users\Maro\AppData\Local\Programs\MiKTeX 2.9\tex/latex/babel-english\englis
h.ldf
Language: english 2017/06/06 v3.3r English support from the babel system
Package babel Info: \l@canadian = using hyphenrules for english
(babel)             (\language0) on input line 102.
Package babel Info: \l@australian = using hyphenrules for ukenglish
(babel)             (\language73) on input line 105.
Package babel Info: \l@newzealand = using hyphenrules for ukenglish
(babel)             (\language73) on input line 108.
))
(C:\Users\Maro\AppData\Local\Programs\MiKTeX 2.9\tex/latex/base\fontenc.sty
Package: fontenc 2020/08/10 v2.0s Standard LaTeX package
)
(C:\Users\Maro\AppData\Local\Programs\MiKTeX 2.9\tex/latex/base\inputenc.sty
Package: inputenc 2020/08/01 v1.3d Input encoding file
\inpenc@prehook=\toks15
\inpenc@posthook=\toks16
)
(C:\Users\Maro\AppData\Local\Programs\MiKTeX 2.9\tex/latex/base\report.cls
Document Class: report 2020/04/10 v1.4m Standard LaTeX document class
(C:\Users\Maro\AppData\Local\Programs\MiKTeX 2.9\tex/latex/base\size11.clo
File: size11.clo 2020/04/10 v1.4m Standard LaTeX file (size option)
)
\c@part=\count181
\c@chapter=\count182
\c@section=\count183
\c@subsection=\count184
\c@subsubsection=\count185
\c@paragraph=\count186
\c@subparagraph=\count187
\c@figure=\count188
\c@table=\count189
\abovecaptionskip=\skip47
\belowcaptionskip=\skip48
\bibindent=\dimen139
)
\c@liczbaAutorow=\count190
)
\c@defi=\count191

(C:\Users\Maro\AppData\Local\Programs\MiKTeX 2.9\tex/latex/l3backend\l3backend-
pdftex.def
File: l3backend-pdftex.def 2021-03-18 L3 backend support: PDF output (pdfTeX)
\l__color_backend_stack_int=\count192
\l__pdf_internal_box=\box47
) (mw_thesis.aux (src/Abstract.aux) (src/Intro.aux)
(src/QC_current/cha_QC_Current.aux) (src/QA/cha_What_actually_is_QA.aux)
(src/Conclusions_and_remarks.aux) (src/Scratchbook.aux))
\openout1 = `mw_thesis.aux'.

LaTeX Font Info:    Checking defaults for OML/cmm/m/it on input line 72.
LaTeX Font Info:    ... okay on input line 72.
LaTeX Font Info:    Checking defaults for OMS/cmsy/m/n on input line 72.
LaTeX Font Info:    ... okay on input line 72.
LaTeX Font Info:    Checking defaults for OT1/cmr/m/n on input line 72.
LaTeX Font Info:    ... okay on input line 72.
LaTeX Font Info:    Checking defaults for T1/cmr/m/n on input line 72.
LaTeX Font Info:    ... okay on input line 72.
LaTeX Font Info:    Checking defaults for TS1/cmr/m/n on input line 72.
LaTeX Font Info:    ... okay on input line 72.
LaTeX Font Info:    Checking defaults for OMX/cmex/m/n on input line 72.
LaTeX Font Info:    ... okay on input line 72.
LaTeX Font Info:    Checking defaults for U/cmr/m/n on input line 72.
LaTeX Font Info:    ... okay on input line 72.
LaTeX Font Info:    External font `cmex10' loaded for size
(Font)              <10.95> on input line 73.
LaTeX Font Info:    External font `cmex10' loaded for size
(Font)              <8> on input line 73.
LaTeX Font Info:    External font `cmex10' loaded for size
(Font)              <6> on input line 73.
LaTeX Font Info:    External font `cmex10' loaded for size
(Font)              <12> on input line 73.
 [1

{C:/Users/Maro/AppData/Local/MiKTeX/2.9/pdftex/config/pdftex.map}] [2]
\openout2 = `src/Abstract.aux'.

 (src/Abstract.tex
Underfull \hbox (badness 10000) in paragraph at lines 3--3

 []

[1

] [2

]) (mw_thesis.toc)
\tf@toc=\write3
\openout3 = `mw_thesis.toc'.

 [3



]
\openout2 = `src/Intro.aux'.

 (src/Intro.tex [4


]) [5]
\openout2 = `src/QC_current/cha_QC_Current.aux'.


(src/QC_current/cha_QC_Current.tex [6




]
Chapter 1.
(src/QC_current/sec_Gate_model.tex) (src/QC_current/sec_NISQ.tex)
(src/QC_current/sec_QA.tex)) [7]
\openout2 = `src/QA/cha_What_actually_is_QA.aux'.

 (src/QA/cha_What_actually_is_QA.tex [8




]
Chapter 2.
(src/QA/sec_Thermal_Annealing.tex) (src/QA/sec_Simulated_Annealing.tex)
(src/QA/sec_Quantum_Annealing.tex)) [9] [10



]
Chapter 3.
[11] [12

]
Chapter 4.
[13]
\openout2 = `src/Conclusions_and_remarks.aux'.

 (src/Conclusions_and_remarks.tex [14


]
Chapter 5.
) [15]
\openout2 = `src/Scratchbook.aux'.

 (src/Scratchbook.tex [16




]
Chapter 6.
) [17] (mw_thesis.bbl [18



]) [19] (mw_thesis.aux (src/Abstract.aux)
(src/Intro.aux) (src/QC_current/cha_QC_Current.aux)
(src/QA/cha_What_actually_is_QA.aux) (src/Conclusions_and_remarks.aux)
(src/Scratchbook.aux)) ) 
Here is how much of TeX's memory you used:
 1615 strings out of 479321
 25244 string characters out of 2855117
 325299 words of memory out of 3000000
 19038 multiletter control sequences out of 15000+600000
 417810 words of font info for 53 fonts, out of 8000000 for 9000
 1141 hyphenation exceptions out of 8191
 68i,6n,76p,299b,235s stack positions out of 5000i,500n,10000p,200000b,80000s
 <C:\Users\Maro\AppData\Local\MiKTeX\2.9\fonts/pk/ljfou
r/jknappen/ec/dpi600\ecti1095.pk> <C:\Users\Maro\AppData\Local\MiKTeX\2.9\fonts
/pk/ljfour/jknappen/ec/dpi600\ecbx2074.pk> <C:\Users\Maro\AppData\Local\MiKTeX\
2.9\fonts/pk/ljfour/jknappen/ec/dpi600\ecbx1095.pk> <C:\Users\Maro\AppData\Loca
l\MiKTeX\2.9\fonts/pk/ljfour/jknappen/ec/dpi600\ecrm1200.pk> <C:\Users\Maro\App
Data\Local\MiKTeX\2.9\fonts/pk/ljfour/jknappen/ec/dpi600\ecbx1200.pk> <C:\Users
\Maro\AppData\Local\MiKTeX\2.9\fonts/pk/ljfour/jknappen/ec/dpi600\ecbx2488.pk> 
<C:\Users\Maro\AppData\Local\MiKTeX\2.9\fonts/pk/ljfour/jknappen/ec/dpi600\ecrm
1095.pk> <C:\Users\Maro\AppData\Local\MiKTeX\2.9\fonts/pk/ljfour/jknappen/ec/dp
i600\ecbx1440.pk> <C:\Users\Maro\AppData\Local\MiKTeX\2.9\fonts/pk/ljfour/jknap
pen/ec/dpi600\ecrm1728.pk> <C:\Users\Maro\AppData\Local\MiKTeX\2.9\fonts/pk/ljf
our/jknappen/ec/dpi600\ecbx1728.pk>
Output written on mw_thesis.pdf (21 pages, 124878 bytes).
PDF statistics:
 403 PDF objects out of 1000 (max. 8388607)
 0 named destinations out of 1000 (max. 500000)
 1 words of extra memory for PDF output out of 10000 (max. 10000000)

