This is pdfTeX, Version 3.14159265-2.6-1.40.21 (MiKTeX 2.9.7440 64-bit) (preloaded format=pdflatex 2020.6.17)  7 APR 2021 13:41
entering extended mode
**./praca_mgr_mw.tex
(praca_mgr_mw.tex
LaTeX2e <2020-02-02> patch level 5
L3 programming layer <2020-05-15> (pracamgr.cls
Document Class: pracamgr 2017/01/03 v0.7.0 Praca magisterska
("C:\Users\Maro\AppData\Local\Programs\MiKTeX 2.9\tex/generic/babel\babel.sty"
Package: babel 2020/05/13 3.44 The Babel package

("C:\Users\Maro\AppData\Local\Programs\MiKTeX 2.9\tex/generic/babel\babel.def"
File: babel.def 2020/05/13 3.44 Babel common definitions
\babel@savecnt=\count167
\U@D=\dimen134
\l@babelnohyphens=\language78

("C:\Users\Maro\AppData\Local\Programs\MiKTeX 2.9\tex/generic/babel\txtbabel.de
f")
\bbl@readstream=\read2
)
\bbl@dirlevel=\count168

*************************************
* Local config file bblopts.cfg used
*
("C:\Users\Maro\AppData\Local\Programs\MiKTeX 2.9\tex/latex/arabi\bblopts.cfg"
File: bblopts.cfg 2005/09/08 v0.1 add Arabic and Farsi to "declared" options of
 babel
)
("C:\Users\Maro\AppData\Local\Programs\MiKTeX 2.9\tex/latex/babel-english\engli
sh.ldf"
Language: english 2017/06/06 v3.3r English support from the babel system
Package babel Info: \l@canadian = using hyphenrules for english
(babel)             (\language0) on input line 102.
Package babel Info: \l@australian = using hyphenrules for ukenglish
(babel)             (\language72) on input line 105.
Package babel Info: \l@newzealand = using hyphenrules for ukenglish
(babel)             (\language72) on input line 108.
))
("C:\Users\Maro\AppData\Local\Programs\MiKTeX 2.9\tex/latex/base\fontenc.sty"
Package: fontenc 2020/02/11 v2.0o Standard LaTeX package
)
("C:\Users\Maro\AppData\Local\Programs\MiKTeX 2.9\tex/latex/base\inputenc.sty"
Package: inputenc 2018/08/11 v1.3c Input encoding file
\inpenc@prehook=\toks15
\inpenc@posthook=\toks16
) ("C:\Users\Maro\AppData\Local\Programs\MiKTeX 2.9\tex/latex/base\report.cls"
Document Class: report 2019/12/20 v1.4l Standard LaTeX document class
("C:\Users\Maro\AppData\Local\Programs\MiKTeX 2.9\tex/latex/base\size11.clo"
File: size11.clo 2019/12/20 v1.4l Standard LaTeX file (size option)
)
\c@part=\count169
\c@chapter=\count170
\c@section=\count171
\c@subsection=\count172
\c@subsubsection=\count173
\c@paragraph=\count174
\c@subparagraph=\count175
\c@figure=\count176
\c@table=\count177
\abovecaptionskip=\skip47
\belowcaptionskip=\skip48
\bibindent=\dimen135
)
\c@liczbaAutorow=\count178
)
\c@defi=\count179

("C:\Users\Maro\AppData\Local\Programs\MiKTeX 2.9\tex/latex/l3backend\l3backend
-pdfmode.def"
File: l3backend-pdfmode.def 2020-05-05 L3 backend support: PDF mode
\l__kernel_color_stack_int=\count180
\l__pdf_internal_box=\box45
)

LaTeX Warning: Unused global option(s):
    [en].

(praca_mgr_mw.aux (src/Abstract.aux) (src/Intro.aux)
(src/QC_current/cha_QC_Current.aux) (src/QA/cha_What_actually_is_QA.aux))
\openout1 = `praca_mgr_mw.aux'.

LaTeX Font Info:    Checking defaults for OML/cmm/m/it on input line 82.
LaTeX Font Info:    ... okay on input line 82.
LaTeX Font Info:    Checking defaults for OMS/cmsy/m/n on input line 82.
LaTeX Font Info:    ... okay on input line 82.
LaTeX Font Info:    Checking defaults for OT1/cmr/m/n on input line 82.
LaTeX Font Info:    ... okay on input line 82.
LaTeX Font Info:    Checking defaults for T1/cmr/m/n on input line 82.
LaTeX Font Info:    ... okay on input line 82.
LaTeX Font Info:    Checking defaults for TS1/cmr/m/n on input line 82.
LaTeX Font Info:    ... okay on input line 82.
LaTeX Font Info:    Checking defaults for OMX/cmex/m/n on input line 82.
LaTeX Font Info:    ... okay on input line 82.
LaTeX Font Info:    Checking defaults for U/cmr/m/n on input line 82.
LaTeX Font Info:    ... okay on input line 82.
LaTeX Font Info:    External font `cmex10' loaded for size
(Font)              <10.95> on input line 83.
LaTeX Font Info:    External font `cmex10' loaded for size
(Font)              <8> on input line 83.
LaTeX Font Info:    External font `cmex10' loaded for size
(Font)              <6> on input line 83.
LaTeX Font Info:    External font `cmex10' loaded for size
(Font)              <12> on input line 83.

[1

{C:/Users/Maro/AppData/Local/MiKTeX/2.9/pdftex/config/pdftex.map}] [2]
\openout2 = `src/Abstract.aux'.


(src/Abstract.tex
Underfull \hbox (badness 10000) in paragraph at lines 3--3

 []

[1

] [2

]) (praca_mgr_mw.toc)
\tf@toc=\write3
\openout3 = `praca_mgr_mw.toc'.

 [3


]
\openout2 = `src/Intro.aux'.

 (src/Intro.tex [4


]) [5]
\openout2 = `src/QC_current/cha_QC_Current.aux'.


(src/QC_current/cha_QC_Current.tex [6



]
Chapter 1.
(src/QC_current/sec_Gate_model.tex) (src/QC_current/sec_NISQ.tex)
(src/QC_current/sec_QA.tex
! Undefined control sequence.
l.2 ...tate it is unaffected by decoherence \citep
                                                  {McGeoch}.
The control sequence at the end of the top line
of your error message was never \def'ed. If you have
misspelled it (e.g., `\hobx'), type `I' and the correct
spelling (e.g., `I\hbox'). Otherwise just continue,
and I'll forget about whatever was undefined.

)) [7]
\openout2 = `src/QA/cha_What_actually_is_QA.aux'.

 (src/QA/cha_What_actually_is_QA.tex [8



]
Chapter 2.
(src/QA/sec_Thermal_Annealing.tex) (src/QA/sec_Simulated_Annealing.tex)
(src/QA/sec_Quantum_Annealing.tex)) [9] [10


]
Chapter 3.
[11] [12

]
Chapter 4.
[13] [14

]
Chapter 5.
[15] [16

]
Chapter 6.
! Undefined control sequence.
l.102 ...lkit is freely available on Github \citep
                                                  {DWGitHub}.
The control sequence at the end of the top line
of your error message was never \def'ed. If you have
misspelled it (e.g., `\hobx'), type `I' and the correct
spelling (e.g., `I\hbox'). Otherwise just continue,
and I'll forget about whatever was undefined.

(praca_mgr_mw.bbl [17] [18

]
! Misplaced alignment tab character &.
l.7 \newblock Morgan &
                       Claypool Publishers, 2014.
I can't figure out why you would want to use a tab mark
here. If you just want an ampersand, the remedy is
simple: Just type `I\&' now. But if some right brace
up above has ended a previous alignment prematurely,
you're probably due for more error messages, and you
might try typing `S' now just to see what is salvageable.

) [19] (praca_mgr_mw.aux (src/Abstract.aux) (src/Intro.aux)
(src/QC_current/cha_QC_Current.aux) (src/QA/cha_What_actually_is_QA.aux)) ) 
Here is how much of TeX's memory you used:
 1519 strings out of 480799
 23076 string characters out of 2896251
 268695 words of memory out of 3000000
 17499 multiletter control sequences out of 15000+200000
 546718 words of font info for 50 fonts, out of 3000000 for 9000
 1141 hyphenation exceptions out of 8191
 33i,6n,28p,269b,235s stack positions out of 5000i,500n,10000p,200000b,50000s
 <C:
\Users\Maro\AppData\Local\MiKTeX\2.9\fonts/pk/ljfour/jknappen/ec/dpi600\ecti109
5.pk> <C:\Users\Maro\AppData\Local\MiKTeX\2.9\fonts/pk/ljfour/jknappen/ec/dpi60
0\ecbx2074.pk> <C:\Users\Maro\AppData\Local\MiKTeX\2.9\fonts/pk/ljfour/jknappen
/ec/dpi600\ecbx1095.pk> <C:\Users\Maro\AppData\Local\MiKTeX\2.9\fonts/pk/ljfour
/jknappen/ec/dpi600\ecrm1200.pk> <C:\Users\Maro\AppData\Local\MiKTeX\2.9\fonts/
pk/ljfour/jknappen/ec/dpi600\ecbx1200.pk> <C:\Users\Maro\AppData\Local\MiKTeX\2
.9\fonts/pk/ljfour/jknappen/ec/dpi600\ecbx2488.pk> <C:\Users\Maro\AppData\Local
\MiKTeX\2.9\fonts/pk/ljfour/jknappen/ec/dpi600\ecrm1095.pk> <C:\Users\Maro\AppD
ata\Local\MiKTeX\2.9\fonts/pk/ljfour/jknappen/ec/dpi600\ecbx1440.pk> <C:\Users\
Maro\AppData\Local\MiKTeX\2.9\fonts/pk/ljfour/jknappen/ec/dpi600\ecrm1728.pk> <
C:\Users\Maro\AppData\Local\MiKTeX\2.9\fonts/pk/ljfour/jknappen/ec/dpi600\ecbx1
728.pk>
Output written on praca_mgr_mw.pdf (21 pages, 125345 bytes).
PDF statistics:
 404 PDF objects out of 1000 (max. 8388607)
 0 named destinations out of 1000 (max. 500000)
 1 words of extra memory for PDF output out of 10000 (max. 10000000)

